<?xml version="1.0" encoding="UTF-8"?>
<!-- Generated by org.testng.reporters.JUnitReportReporter -->
<testsuite hostname="DESKTOP-UM7UJ0V" failures="0" tests="1" name="HomePage" time="7.405" errors="0" timestamp="2023-01-04T12:30:25 EET" skipped="0">
  <testcase classname="HomePage" name="customer_login_harry_potter" time="7.405"/>
  <system-out/>
</testsuite> <!-- HomePage -->
