<?xml version="1.0" encoding="UTF-8"?>
<!-- Generated by org.testng.reporters.JUnitReportReporter -->
<testsuite hostname="DESKTOP-UM7UJ0V" failures="0" tests="1" name="CustomerLogin" time="7.283" errors="0" timestamp="2023-01-04T12:41:04 EET" skipped="0">
  <testcase classname="CustomerLogin" name="customer_login_harry_potter" time="7.283"/>
  <system-out/>
</testsuite> <!-- CustomerLogin -->
